# JRE version: OpenJDK Runtime Environment (8.0_202-b03) (build 1.8.0_202-release-1483-b03)
# Java VM: OpenJDK 64-Bit Server VM (25.202-b03 mixed mode windows-amd64 compressed oops)
Heap:
 PSYoungGen      total 450048K, used 450012K [0x00000000e0000000, 0x0000000100000000, 0x0000000100000000)
  eden space 392192K, 100% used [0x00000000e0000000,0x00000000f7f00000,0x00000000f7f00000)
  from space 57856K, 99% used [0x00000000f7f00000,0x00000000fb7773f8,0x00000000fb780000)
  to   space 74240K, 76% used [0x00000000fb780000,0x00000000fef1c5d8,0x0000000100000000)
 ParOldGen       total 173568K, used 104258K [0x00000000a0000000, 0x00000000aa980000, 0x00000000e0000000)
  object space 173568K, 60% used [0x00000000a0000000,0x00000000a65d0b90,0x00000000aa980000)
 Metaspace       used 100878K, capacity 107982K, committed 108248K, reserved 1142784K
  class space    used 12801K, capacity 13990K, committed 14080K, reserved 1048576K
GC Heap History (10 events):
Event: 1712.185 GC heap after
Heap after GC invocations=26 (full 5):
 PSYoungGen      total 340992K, used 7504K [0x00000000e0000000, 0x00000000fb000000, 0x0000000100000000)
  eden space 292352K, 0% used [0x00000000e0000000,0x00000000e0000000,0x00000000f1d80000)
  from space 48640K, 15% used [0x00000000f1d80000,0x00000000f24d4010,0x00000000f4d00000)
  to   space 47616K, 0% used [0x00000000f8180000,0x00000000f8180000,0x00000000fb000000)
 ParOldGen       total 173568K, used 84707K [0x00000000a0000000, 0x00000000aa980000, 0x00000000e0000000)
  object space 173568K, 48% used [0x00000000a0000000,0x00000000a52b8f88,0x00000000aa980000)
 Metaspace       used 91138K, capacity 95148K, committed 95320K, reserved 1132544K
  class space    used 11624K, capacity 12387K, committed 12416K, reserved 1048576K
}
Event: 1719.398 GC heap before
{Heap before GC invocations=27 (full 5):
 PSYoungGen      total 340992K, used 299856K [0x00000000e0000000, 0x00000000fb000000, 0x0000000100000000)
  eden space 292352K, 100% used [0x00000000e0000000,0x00000000f1d80000,0x00000000f1d80000)
  from space 48640K, 15% used [0x00000000f1d80000,0x00000000f24d4010,0x00000000f4d00000)
  to   space 47616K, 0% used [0x00000000f8180000,0x00000000f8180000,0x00000000fb000000)
 ParOldGen       total 173568K, used 84707K [0x00000000a0000000, 0x00000000aa980000, 0x00000000e0000000)
  object space 173568K, 48% used [0x00000000a0000000,0x00000000a52b8f88,0x00000000aa980000)
 Metaspace       used 91504K, capacity 95562K, committed 95704K, reserved 1132544K
  class space    used 11659K, capacity 12430K, committed 12544K, reserved 1048576K
Event: 1719.470 GC heap after
Heap after GC invocations=27 (full 5):
 PSYoungGen      total 391680K, used 12913K [0x00000000e0000000, 0x00000000fac80000, 0x0000000100000000)
  eden space 347648K, 0% used [0x00000000e0000000,0x00000000e0000000,0x00000000f5380000)
  from space 44032K, 29% used [0x00000000f8180000,0x00000000f8e1c500,0x00000000fac80000)
  to   space 45568K, 0% used [0x00000000f5380000,0x00000000f5380000,0x00000000f8000000)
 ParOldGen       total 173568K, used 84707K [0x00000000a0000000, 0x00000000aa980000, 0x00000000e0000000)
  object space 173568K, 48% used [0x00000000a0000000,0x00000000a52b8f88,0x00000000aa980000)
 Metaspace       used 91504K, capacity 95562K, committed 95704K, reserved 1132544K
  class space    used 11659K, capacity 12430K, committed 12544K, reserved 1048576K
}
Event: 1758.181 GC heap before
{Heap before GC invocations=28 (full 5):
 PSYoungGen      total 391680K, used 360561K [0x00000000e0000000, 0x00000000fac80000, 0x0000000100000000)
  eden space 347648K, 100% used [0x00000000e0000000,0x00000000f5380000,0x00000000f5380000)
  from space 44032K, 29% used [0x00000000f8180000,0x00000000f8e1c500,0x00000000fac80000)
  to   space 45568K, 0% used [0x00000000f5380000,0x00000000f5380000,0x00000000f8000000)
 ParOldGen       total 173568K, used 84707K [0x00000000a0000000, 0x00000000aa980000, 0x00000000e0000000)
  object space 173568K, 48% used [0x00000000a0000000,0x00000000a52b8f88,0x00000000aa980000)
 Metaspace       used 91939K, capacity 96452K, committed 96472K, reserved 1132544K
  class space    used 11711K, capacity 12525K, committed 12544K, reserved 1048576K
Event: 1758.400 GC heap after
Heap after GC invocations=28 (full 5):
 PSYoungGen      total 393216K, used 45555K [0x00000000e0000000, 0x0000000100000000, 0x0000000100000000)
  eden space 347648K, 0% used [0x00000000e0000000,0x00000000e0000000,0x00000000f5380000)
  from space 45568K, 99% used [0x00000000f5380000,0x00000000f7ffcc70,0x00000000f8000000)
  to   space 58880K, 0% used [0x00000000fc680000,0x00000000fc680000,0x0000000100000000)
 ParOldGen       total 173568K, used 100950K [0x00000000a0000000, 0x00000000aa980000, 0x00000000e0000000)
  object space 173568K, 58% used [0x00000000a0000000,0x00000000a6295b08,0x00000000aa980000)
 Metaspace       used 91939K, capacity 96452K, committed 96472K, reserved 1132544K
  class space    used 11711K, capacity 12525K, committed 12544K, reserved 1048576K
}
Event: 2528.400 GC heap before
{Heap before GC invocations=29 (full 5):
 PSYoungGen      total 393216K, used 393203K [0x00000000e0000000, 0x0000000100000000, 0x0000000100000000)
  eden space 347648K, 100% used [0x00000000e0000000,0x00000000f5380000,0x00000000f5380000)
  from space 45568K, 99% used [0x00000000f5380000,0x00000000f7ffcc70,0x00000000f8000000)
  to   space 58880K, 0% used [0x00000000fc680000,0x00000000fc680000,0x0000000100000000)
 ParOldGen       total 173568K, used 100950K [0x00000000a0000000, 0x00000000aa980000, 0x00000000e0000000)
  object space 173568K, 58% used [0x00000000a0000000,0x00000000a6295b08,0x00000000aa980000)
 Metaspace       used 97345K, capacity 102694K, committed 103000K, reserved 1138688K
  class space    used 12376K, capacity 13332K, committed 13440K, reserved 1048576K
Event: 2529.048 GC heap after
Heap after GC invocations=29 (full 5):
 PSYoungGen      total 451072K, used 51229K [0x00000000e0000000, 0x0000000100000000, 0x0000000100000000)
  eden space 392192K, 0% used [0x00000000e0000000,0x00000000e0000000,0x00000000f7f00000)
  from space 58880K, 87% used [0x00000000fc680000,0x00000000ff887698,0x0000000100000000)
  to   space 66048K, 0% used [0x00000000f7f00000,0x00000000f7f00000,0x00000000fbf80000)
 ParOldGen       total 173568K, used 104258K [0x00000000a0000000, 0x00000000aa980000, 0x00000000e0000000)
  object space 173568K, 60% used [0x00000000a0000000,0x00000000a65d0b90,0x00000000aa980000)
 Metaspace       used 97345K, capacity 102694K, committed 103000K, reserved 1138688K
  class space    used 12376K, capacity 13332K, committed 13440K, reserved 1048576K
}
Event: 2831.477 GC heap before
{Heap before GC invocations=30 (full 5):
 PSYoungGen      total 451072K, used 443421K [0x00000000e0000000, 0x0000000100000000, 0x0000000100000000)
  eden space 392192K, 100% used [0x00000000e0000000,0x00000000f7f00000,0x00000000f7f00000)
  from space 58880K, 87% used [0x00000000fc680000,0x00000000ff887698,0x0000000100000000)
  to   space 66048K, 0% used [0x00000000f7f00000,0x00000000f7f00000,0x00000000fbf80000)
 ParOldGen       total 173568K, used 104258K [0x00000000a0000000, 0x00000000aa980000, 0x00000000e0000000)
  object space 173568K, 60% used [0x00000000a0000000,0x00000000a65d0b90,0x00000000aa980000)
 Metaspace       used 99638K, capacity 105642K, committed 105816K, reserved 1140736K
  class space    used 12614K, capacity 13676K, committed 13696K, reserved 1048576K
Event: 2832.052 GC heap after
Heap after GC invocations=30 (full 5):
 PSYoungGen      total 450048K, used 57820K [0x00000000e0000000, 0x0000000100000000, 0x0000000100000000)
  eden space 392192K, 0% used [0x00000000e0000000,0x00000000e0000000,0x00000000f7f00000)
  from space 57856K, 99% used [0x00000000f7f00000,0x00000000fb7773f8,0x00000000fb780000)
  to   space 74240K, 0% used [0x00000000fb780000,0x00000000fb780000,0x0000000100000000)
 ParOldGen       total 173568K, used 104258K [0x00000000a0000000, 0x00000000aa980000, 0x00000000e0000000)
  object space 173568K, 60% used [0x00000000a0000000,0x00000000a65d0b90,0x00000000aa980000)
 Metaspace       used 99638K, capacity 105642K, committed 105816K, reserved 1140736K
  class space    used 12614K, capacity 13676K, committed 13696K, reserved 1048576K
}
Event: 6160.549 GC heap before
{Heap before GC invocations=31 (full 5):
 PSYoungGen      total 450048K, used 450012K [0x00000000e0000000, 0x0000000100000000, 0x0000000100000000)
  eden space 392192K, 100% used [0x00000000e0000000,0x00000000f7f00000,0x00000000f7f00000)
  from space 57856K, 99% used [0x00000000f7f00000,0x00000000fb7773f8,0x00000000fb780000)
  to   space 74240K, 0% used [0x00000000fb780000,0x00000000fb780000,0x0000000100000000)
 ParOldGen       total 173568K, used 104258K [0x00000000a0000000, 0x00000000aa980000, 0x00000000e0000000)
  object space 173568K, 60% used [0x00000000a0000000,0x00000000a65d0b90,0x00000000aa980000)
 Metaspace       used 100878K, capacity 107982K, committed 108248K, reserved 1142784K
  class space    used 12801K, capacity 13990K, committed 14080K, reserved 1048576K

